Arguments: 
  /Users/kangqiang/.nvm/versions/node/v8.11.2/bin/node /usr/local/Cellar/yarn/1.6.0/libexec/bin/yarn.js info svgo --json

PATH: 
  /Users/kangqiang/Desktop/项目任务/商理事项目/member-system/node_modules/.bin:/Users/kangqiang/Desktop/项目任务/商理事项目/node_modules/.bin:/Users/kangqiang/Desktop/项目任务/node_modules/.bin:/Users/kangqiang/Desktop/node_modules/.bin:/Users/kangqiang/node_modules/.bin:/Users/node_modules/.bin:/node_modules/.bin:/Users/kangqiang/.nvm/versions/node/v8.11.2/bin:/Users/kangqiang/.nvm/versions/node/v8.11.2/bin:/Library/Frameworks/Python.framework/Versions/3.6/bin:/usr/local/bin:/usr/bin:/bin:/usr/sbin:/sbin:/Library/Frameworks/Python.framework/Versions/3.6/bin

Yarn version: 
  1.6.0

Node version: 
  8.11.2

Platform: 
  darwin x64

Trace: 
  Error: https://registry.npm.taobao.org/svgo: ETIMEDOUT
      at Timeout._onTimeout (/usr/local/Cellar/yarn/1.6.0/libexec/lib/cli.js:133819:19)
      at ontimeout (timers.js:498:11)
      at tryOnTimeout (timers.js:323:5)
      at Timer.listOnTimeout (timers.js:290:5)

npm manifest: 
  {
    "name": "member-system",
    "version": "0.1.0",
    "private": true,
    "author": "Chason <25424554@qq.com>",
    "scripts": {
      "serve": "vue-cli-service serve",
      "build": "vue-cli-service build",
      "lint": "vue-cli-service lint",
      "test:unit": "vue-cli-service test:unit"
    },
    "dependencies": {
      "axios": "^0.18.0",
      "babel-polyfill": "^6.26.0",
      "element-ui": "^2.4.8",
      "js-cookie": "^2.2.0",
      "normalize.css": "^8.0.0",
      "nprogress": "^0.2.0",
      "vue": "^2.5.17",
      "vue-router": "^3.0.1",
      "vuex": "^3.0.1"
    },
    "devDependencies": {
      "@vue/cli-plugin-babel": "^3.0.5",
      "@vue/cli-plugin-eslint": "^3.0.5",
      "@vue/cli-plugin-unit-mocha": "^3.0.5",
      "@vue/cli-service": "^3.0.5",
      "@vue/eslint-config-standard": "^3.0.5",
      "@vue/test-utils": "^1.0.0-beta.20",
      "chai": "^4.1.2",
      "compression-webpack-plugin": "^2.0.0",
      "node-sass": "^4.9.2",
      "sass-loader": "^7.0.3",
      "script-ext-html-webpack-plugin": "^2.0.1",
      "svg-sprite-loader": "^4.1.2",
      "svgo": "^1.1.1",
      "vue-cli-plugin-element": "^1.0.0",
      "vue-template-compiler": "^2.5.17"
    }
  }

yarn manifest: 
  No manifest

Lockfile: 
  No lockfile
